
2020-02-09 21:30:14,060 WARN  [actlib::environment] Warning: Failed to deserialize remote messsage: []


read in buffer [0, 76, 5, 0, 0, 0, 1, 0, 0, 0, 16, 0, 0, 0, 0, 0, 0, 0, 0, 0, 0, 0, 0, 0, 0,
0, 0, 0, 0, 0, 0, 0, 0, 0, 0, 0, 0, 0, 141, 84, 94, 111, 1, 0, 0, 0, 16, 0, 0, 0, 0, 0, 0, 0,
0, 0, 0, 0, 0, 0, 0, 0, 1, 0, 0, 0, 0, 0, 0, 0, 0, 0, 0, 0, 141, 84, 94, 207, 0, 0, 0, 0, 0,
0, 1, 0, 0, 0, 0, 0, 0, 0, 0, 0, 0, 0, 141, 84, 94, 111, 1, 0, 0, 0, 16, 0, 0, 0, 0, 0, 0, 0,
0, 0, 0, 0, 0, 0, 0, 0, 0, 0, 0, 0, 0, 0, 0, 0, 0, 0, 0, 0, 141, 84, 94, 111, 1, 0, 0, 0, 141,
84, 94, 111, 1, 0, 0, 0, 0, 0, 0, 0, 0, 0, 0, 0, 0, 0, 0, 0, 0, 0, 0, 0, 0, 0, 0, 0, 0, 0, 0, 
...,
0, 0, 0, 0, 0, 0, 0, 0, 0, 0, 0, 0, 0, 0, 0, 0, 0, 0, 0] 
read in size 137 
len is 60 sb1 60 sb0 0
len is 73 sb1 73 sb0 0
len is 0 sb1 0 sb0 0


Send message with len [0, 73]
2020-02-09 21:30:14,103 WARN  [actlib::environment] Warning: Failed to deserialize remote messsage: []


read in buffer [0, 60, 0, 0, 0, 0, 1, 0, 0, 0, 16, 0, 0, 0, 0, 0, 0, 0, 0, 0, 0, 0, 0, 0, 0, 0,
1, 0, 0, 0, 0, 0, 0, 0, 0, 0, 0, 0, 141, 84, 94, 207, 12, 0, 0, 0, 0, 0, 0, 0, 10, 0, 0, 0, 0,
0, 0, 0, 2, 0, 0, 0, 0, 73, 3, 0, 0, 0, 16, 0, 0, 0, 0, 0, 0, 0, 255, 255, 255, 255, 255, 255,
255, 255, 0, 0, 0, 0, 0, 0, 0, 0, 0, 0, 0, 0, 141, 84, 94, 111, 1, 0, 0, 0, 16, 0, 0, 0, 0, 0,
0, 0, 0, 0, 0, 0, 0, 0, 0, 0, 0, 0, 0, 0, 0, 0, 0, 0, 0, 0, 0, 0, 141, 84, 94, 111, 1, 0, 0, 0,
141, 84, 94, 111, 1, 0, 0, 0, 0, 0, 0, 0, 0, 0, 0, 0, 0, 0, 0, 0, 0, 0, 0, 0, 0, 0, 
...,
0, 0, 0, 0, 0, 0, 0, 0, 0, 0, 0, 0, 0, 0, 0, 0, 0, 0, 0, 0, 0, 0, 0, 0] 
read in size 78 
len is 76 sb1 76 sb0 0
len is 65535 sb1 255 sb0 255
